[   .00000] niializngcgroup subsys cpuset
[    0.000000] Initializing cgroup subsys cpu
[    0.000000] Initializing cou subsys cpuacct
[   0.0000] Linux version 4.4.0-137-generic (buildd@lgw01-amd64-037) (gcc version 5.4.0 20160609 (Ubuntu 5.4.0-6ubuntu1~16.04.10 ) #163-Ubuntu SMP Mon Sep 24 13:14:43 UTC 2018 (Ubuntu 4.4.0-137.163-generic 4..144)
[    0.000000] Command line: BOOT_IMAGE=/boot/vmlinuz-4.4.0-137-generic root=LABEL=cloudimg-rootfs ro console=tty1 console=tty
    000000] KERNEL supported cpus:
[    0.00000]   Intel GenuineIntel
[    0.000000]   AMD AuthenticAMD
[    0.000000]   Centaur CentaurHauls
[    0.0000] x8/fu:xstate_ofst[]:  576, xstate_sizes[2]:  256
[    0.000000] x86/fpu: Supporting XSAVE feature 0x01: 'x87 floating point registers'
[    0.000000] x86/fpu: Supporting XSAVE feature 0x02: 'SSE registers'
[    0.000000] x6/fp: Suporting XSAVE fetue 0x04: 'AVX egstrs'
[    0.000000] x86/fpu: Enabled xstate features 0x7, context size is 2 ytes, using 'standar frmat.
[   0.000000] e820: BIOS-prvied physical RA mp:
[    0.000000] BI-e820: [mem 0x0000000000000000-0x000000000009fbff] usable
[    0.000000] BIOS-e820: [mem 0x00000000009fc00-0x00000000000ffff] reserved
[   .00000] BIOS-e820: mem 0x00000000000f0000-0x00000000000fffff] resrved
[    0.000000] BIOS-e820: [mem 0x0000000000100000-0x000000003ffeffff] usable
[    0.000000] BIOS-e820: [mem 0x000000003fff0000-0x000000003fffffff] ACPI data
[   0.00000] BIOSe80: [mem 0x000000ffec00000-0x00000000fec00fff] reserved
[    0.000000] BIOS-e820: [mem 0x0000000ee0000-x00000000feefff] reserved
[   0.000000] BIOS-e820: [mem 0x00000000fffc0000-0x00000000ffffffff] reserved
[   0.000000] NX (Execute Disable) protection: active
[   .00000] SMBIOS 2.5prset.
[    0.000000] Hypervisor detected: KV
   0.000000] e820: last_pfn = 0x3fff0 max_arch_pfn = 0x400000000
[   0.000000] MTRR: Disabled
   0.0000] x86/PAT: MTRRs disabled, skipping PAT initialization too.
[    0.000000] CPU MTRRs all blank - virtualized system.
[    .0000] x86/PAT: Configuration [0-7]: WB  WT  UC- UC  WB  WT  UC- UC  
[    0.000000] found SMP MP-table at [mem 0x0009fff0-0x0009ffff] mapp a [ffff8800009ff0
[    0.000000] Scanning 1 areas forlo memory corruption
[   0.00000] AMDISK: [mem 0x3630e000-0x3717efff]
[   0.0000] ACPI: Early table checksum verification disabled
[    0.000000] ACPI: RSDP 0x00000000000E0000 000024 (v02 VBOX  )
[    0.000000] ACPI: XSD0x000000003FFF0030 00003C (v01 VBOX   VBOXXSDT 00000001 ASL  0000061)
[    .000000] ACPI: FACP 0x000000003FFF00F0 0000F4 (v04 VBOX   VBOXFACP 00000001 ASL  00000061)
[    0.00000] ACPI: DSDT 0x000000003FFF047 0021F v02 VBOX  VBOXBIOS 00000002 INTL 210528)
[    .0000] ACPI:FAS x0000000003FFF0200 000040
[    0.000000] ACPI FCS0x0000003FF020 0000
[    0.000000] ACPI: APIC 0x000000003FFF0240 00005C (v02 VBOX VBXAPIC 00000001 ASL  00000061)
[    0.000000] ACPI: SSDT 0x00000003FFF020 001CC (v1 BOX   VBOCPT 000002 NT 20100528)
[    0.000000] No NUMA configuration found
[    0.000000] Faking anode at [mem 0x0000000000000-0x000000003feffff]
[    .00000] NODE_DATA0) allocated [mem 0x3ffeb000xffeffff]
[    0.000000] kvm-clock Uin msrs 4b564d0 and 4b564d00
[   .000000] vm-clock: cpu , msr 0:3ffe3001, primary cpu clock
[    0.000000] kvm-clock: using sched offset of 3596267501 cycles
[    0.000000] ccksource: kvm-clock: mask: 0ffffffffffffffff max_cycles: 0x1cd42e4dffb, max_idle_ns: 881590591483 ns
[    0.0000] Zone ranges:
[   .000]  DMA      [mem 0x0000000001000-0x0000000000ffffff]
[   .000000]   DMA32    [mem 0x000000001000000-0x000000003ffeffff]
[   .00000]   Normal   empty
[    0.000000]   Device   empty
   0.000000] Movable zone start for each node
[   0.000000] Early memory node ranges
[   .000000]   node   0 [em0x0000000000001000-0x000000000009efff]
[   .00000]   node   0: [mem 0x00000000100000-0x00000003ffeff
[    0.000000] Initmem setup node 0 [mem 000000000001000-0x000000003ffeffff][    0.000000] ACP: M-Timer IO Port: 0x4008
[   0.000000]IOAPIC[0]: apic_id 2, erion 32 adrss 0xfec00000, GSI 0-23
[   0.000000] ACPI: INT_SRC_OVR (bus 0 bus_irq 0 global_irq 2 dfl dfl)
[   .000000] ACPI: INT_SRC_OVR (bus 0 bus_irq 9 global_irq 9 low level)
[   0.000000] Using ACPI (MADT) for SMP configuration information
[    0.000000] smpboot: Allowing 2 CPUs, 0 hotplug CPUs
[    0.000000] PM: Registered nosave memory: [mem 0x00000000-0x00000fff]
[    0.000000] PM: Registered nosave memory: [mem 0x0009f000-0x0009ffff]
[    0.000000] PM: Registeed nosave memory: [mem 0x000a0000-0x000effff]
[    0.000000] PM: Registered nosave memory: [mem x000f0000-0x000fffff]
[    0.000000] e820 [mem 0x40000000-0xfebfffff] availale for PCI devices
[    .000000] Booting paravirtualized kernel on KVM
[    0.000000] clocksource: refined-jiffies: mask: 0xfffffff max_cles: 0xffffffff, max_idle_ns: 7645519600211568 ns
[    0.000000] setup_percpu: NR_CPUS:512 nr_cpumask_bits:512 nrcp_ids:2 nr_node_ids:1
[    0.000000] PERCPU: Embedded 34 pages/cpu @ffff88003fc00000 s99608 r8192 d31464 u1048576
[    0.000000] PV qspinlock hash table entries: 256 (order: 0, 4096 bytes)
[    0.000000] Built 1 zonelists in Node order, mobility grouping on.  Total pages: 257912
[    0.000000] Policy zone DA32
[    0.00000] Kernel command line: BOOT_IMAGE=/boot/vmlinuz-4.4.0-137-genic root=LABELcludimg-rootfs ro console=tty1 console=ttyS0
[    0.000000] PID hash table entries: 4096 (order: 3, 32768 bytes)
[    0.000000] Memory: 997716K/1048120K available (8555K kernel code, 1314K rwdata, 4004K rodata, 1528K init, 1316K bss, 50404K reserved, 0K cma-reserved
[    0.000000] SLUB: HWalign=64, rdr=0-3, MinObjects=0, CPUs=2, Nodes=1
[    0.000000] Kernl/ser pge tables isolation: nale
[  0.000000] Hierarchica RC iplementation.
[    0.000000] 	Build-time adjustment of leaf fanout to 64.
[    0.0000 	RCU restricting CPUs from NR_CPUS=512 to nr_cpu_ids=2.
[    0.000000] RCU: Adjusting geometry for rcu_fanout_leaf=64, nr_cpu_ids=2
[    0.0000000] NR_IS:3024 nr_irs:4016
[    .0000] Console: colour VGA+ 80x25
[   0.000000] console [tty1] enabled
[    0.000000] console [tyS0] enabled
[    0.000000] tsc: Detected 1599.999 MHz processor
[    5.435065] Calibrating delay loop (skipped) preset value.. 3199.99 BogoMIPS (lpj=6399996)
[    5.449498] pid_max: default: 32768 minimum: 301
[    5.458786] ACPI: Core revision 20150930
[    5.475555] ACPI: 2 ACPI AML tables successfully acquired and loaded
[    5.487827] Security Framework initialized
[    5.490837] Yama: becoming mindful.
[    5.514635] AppArmor: AppArmor initialized
[    5.528449] Dentry cache hash table entries: 131072 (order: 8, 1048576 bytes)
[    5.557655] Inode-cache hash table entries: 65536 (order: 7, 524288 bytes)
[    5.586745] Mount-cache hash table entries: 2048 (order: 2, 16384 bytes)
[    5.598978] Mountpoint-cache hash table entries: 2048 (order: 2, 16384 bytes)
[    5.600972] Initializing cgroup subsys io
[    5.607375] Initializing cgroup subsys memory
[    5.614625] Initializing cgroup subsys devices
[    5.616168] Initializing cgroup subsys freezer
[    5.617435] Initializing cgroup subsys net_cls
[    5.618722] Initializing cgroup subsys perf_event
[    5.620059] Initializing cgroup subsys net_prio
[    5.621582] Initializing cgroup subsys hugetlb
[    5.622939] Initializing cgroup subsys pids
[    5.625217] mce: CPU supports 0 MCE banks
[    5.626887] Last level iTLB entries: 4KB 64, 2MB 8, 4MB 8
[    5.632071] Last level dTLB entries: 4KB 64, 2MB 0, 4MB 0, 1GB 4
[    5.634173] Spectre V2 : Mitigation: Full generic retpoline
[    5.651200] Spectre V2 : Spectre v2 mitigation: Speculation control IBPB not-supported IBRS not-supported
[    5.687623] Spectre V2 : Spectre v2 / SpectreRSB mitigation: Filling RSB on context switch
[    5.700397] Speculative Store Bypass: Vulnerable
[    5.715459] Freeing SMP alternatives memory: 32K
[    5.741123] ftrace: allocating 32265 entries in 127 pages
[    5.804093] smpboot: APIC(0) Converting physical 0 to logical package 0
[    5.818727] smpboot: Max logical packages: 1
[    5.820327] x2apic enabled
[    5.821495] Switched APIC routing to physical x2apic.
[    5.833044] ..TIMER: vector=0x30 apic1=0 pin1=2 apic2=-1 pin2=-1
[    5.942412] smpboot: CPU0: Intel(R) Core(TM) i5-5250U CPU @ 1.60GHz (family: 0x6, model: 0x3d, stepping: 0x4)
[    5.992884] Performance Events: unsupported p6 CPU model 61 no PMU driver, software events only.
[    6.023548] KVM setup paravirtual spinlock
[    6.041382] x86: Booting SMP configuration:
[    6.049228] .... node  #0, CPUs:      #1
[    6.050427] kvm-clock: cpu 1, msr 0:3ffe3041, secondary cpu clock
[    6.052781] mce: CPU supports 0 MCE banks
[    6.060127] x86: Booted up 1 node, 2 CPUs
[    6.063697] smpboot: Total of 2 processors activated (6399.99 BogoMIPS)
[    6.069047] devtmpfs: initialized
[    6.073611] evm: security.selinux
[    6.085571] evm: security.SMACK64
[    6.087746] evm: security.SMACK64EXEC
[    6.091379] evm: security.SMACK64TRANSMUTE
[    6.101611] evm: security.SMACK64MMAP
[    6.106030] evm: security.ima
[    6.118027] evm: security.capability
[    6.126325] clocksource: jiffies: mask: 0xffffffff max_cycles: 0xffffffff, max_idle_ns: 7645041785100000 ns
[    6.142088] futex hash table entries: 512 (order: 3, 32768 bytes)
[    6.154959] pinctrl core: initialized pinctrl subsystem
[    6.174147] RTC time: 16:28:37, date: 10/18/18
[    6.178361] NET: Registered protocol family 16
[    6.199895] cpuidle: using governor ladder
[    6.227345] cpuidle: using governor menu
[    6.232884] PCCT header not found.
[    6.247612] ACPI: bus type PCI registered
[    6.254296] acpiphp: ACPI Hot Plug PCI Controller Driver version: 0.5
[    6.260688] PCI: Using configuration type 1 for base access
[    6.292995] ACPI: Added _OSI(Module Device)
[    6.301719] ACPI: Added _OSI(Processor Device)
[    6.315572] ACPI: Added _OSI(3.0 _SCP Extensions)
[    6.329566] ACPI: Added _OSI(Processor Aggregator Device)
[    6.336475] ACPI: Executed 1 blocks of module-level executable AML code
[    6.355492] ACPI: Interpreter enabled
[    6.365488] ACPI: (supports S0 S5)
[    6.375900] ACPI: Using IOAPIC for interrupt routing
[    6.377645] PCI: Using host bridge windows from ACPI; if necessary, use "pci=nocrs" and report a bug
[    6.392567] ACPI: PCI Root Bridge [PCI0] (domain 0000 [bus 00-ff])
[    6.402848] acpi PNP0A03:00: _OSC: OS supports [ASPM ClockPM Segments MSI]
[    6.418189] acpi PNP0A03:00: _OSC: not requesting OS control; OS requires [ExtendedConfig ASPM ClockPM MSI]
[    6.436154] acpi PNP0A03:00: fail to add MMCONFIG information, can't access extended PCI configuration space under this bridge.
[    6.445301] PCI host bridge to bus 0000:00
[    6.452794] pci_bus 0000:00: root bus resource [io  0x0000-0x0cf7 window]
[    6.457094] pci_bus 0000:00: root bus resource [io  0x0d00-0xffff window]
[    6.473385] pci_bus 0000:00: root bus resource [mem 0x000a0000-0x000bffff window]
[    6.477818] pci_bus 0000:00: root bus resource [mem 0x40000000-0xfdffffff window]
[    6.488254] pci_bus 0000:00: root bus resource [bus 00-ff]
[    6.498397] pci 0000:00:01.1: legacy IDE quirk: reg 0x10: [io  0x01f0-0x01f7]
[    6.503214] pci 0000:00:01.1: legacy IDE quirk: reg 0x14: [io  0x03f6]
[    6.515136] pci 0000:00:01.1: legacy IDE quirk: reg 0x18: [io  0x0170-0x0177]
[    6.535688] pci 0000:00:01.1: legacy IDE quirk: reg 0x1c: [io  0x0376]
[    6.578737] pci 0000:00:07.0: quirk: [io  0x4000-0x403f] claimed by PIIX4 ACPI
[    6.604586] pci 0000:00:07.0: quirk: [io  0x4100-0x410f] claimed by PIIX4 SMB
[    6.637762] ACPI: PCI Interrupt Link [LNKA] (IRQs 5 9 10 *11)
[    6.662677] ACPI: PCI Interrupt Link [LNKB] (IRQs 5 9 *10 11)
[    6.669895] ACPI: PCI Interrupt Link [LNKC] (IRQs 5 *9 10 11)
[    6.682354] ACPI: PCI Interrupt Link [LNKD] (IRQs 5 9 10 *11)
[    6.690390] ACPI: Enabled 2 GPEs in block 00 to 07
[    6.712489] vgaarb: setting as boot device: PCI:0000:00:02.0
[    6.730477] vgaarb: device added: PCI:0000:00:02.0,decodes=io+mem,owns=io+mem,locks=none
[    6.739110] vgaarb: loaded
[    6.740193] vgaarb: bridge control possible 0000:00:02.0
[    6.742199] SCSI subsystem initialized
[    6.744532] ACPI: bus type USB registered
[    6.746611] usbcore: registered new interface driver usbfs
[    6.749438] usbcore: registered new interface driver hub
[    6.754668] usbcore: registered new device driver usb
[    6.760154] PCI: Using ACPI for IRQ routing
[    6.774442] NetLabel: Initializing
[    6.776587] NetLabel:  domain hash size = 128
[    6.779777] NetLabel:  protocols = UNLABELED CIPSOv4
[    6.781991] NetLabel:  unlabeled traffic allowed by default
[    6.790810] amd_nb: Cannot enumerate AMD northbridges
[    6.808147] clocksource: Switched to clocksource kvm-clock
[    6.831331]ppArmor: ApAmo Filesystem Enabled
[    6.992898] pnp: PnP ACPI init
[   6.995864] pnp:Pn ACPI: found 3 devices

[   .0091]clcksource: acpi_pm: mask: 0xffffff max_cycles: 0xffffff, max_idle_ns: 2085701024 ns
[   7.252250] NET: Registered protocol family2
[    7.332804] TCP established sh table entries: 8192 (order: 4, 65536byes
[    7.4751] CPbind has tableenris:812 orer 5 11072 byts)
[    7.902494] TCP: Hash tables configured (established 8192 bind 8192)
[   .9006] UDP hh table entries: 51 (rder: 2, 16384 bytes)
[   .195701] UDP-Lite hash table entries: 512 (order: 2, 16384 bytes)
[    8.254868] NET: Registered protocol family 1
[    85601 pi 0000:00::00.0: Lmiting direct PCI/PCI transfers
[   .4242]pc 00000010:ActiatngIS DMA hang workrond
   89364] npacking initramfs...

[    9.415169] Freeing initrd memory: 14788K
[    9.418561] RAPL PMU detected, API unit is 2^-32 Joules, 4 fixed counters 10737418240 ms ovfl timer
[    9.447435] hw unit of domain pp0-core 2^-0 Joules
[    9.452040] hw unit of domain package 2^-0 Joules
[    9.460510] hw unit of domain dram 2^-0 Joules
[    9.478791] hw unit of domain pp1-gpu 2^-0 Joules
[    9.481795] platform rtc_cmos: registered platform RTC device (no PNP device found)
[  9484437] Scanning for low memory corruption every 60 seconds

[    9.568996] audit: initializing netlink subsys (disabled)
[    9.574317] audit: type=2000 audit(1539880120.346:1): initialized
[    9.585966] Initialise system trusted keyring
[    9.599068] HugeTLB registered 2 MB page size, pre-allocated 0 pages
[    9.608033] zbud: load
[    9.662210] VFS: Disk quotas dquot_.6.0
[   .67275 VS:Dqotcahehash table entries: 512orer 0, 4096 bytes)[  1.0276] squashfs: version 4.0(209/01/31Phillip Lougher

[   10.321553] fuse init (API version 7.23)
[   10.324101] Key typ bg_key regiteed
[   10.447766] Allocating IMA MOK and blacklist keyrings.
[   10.452799] Key type asymmetric registered
[   10.453976] Asymmetric key parser 'x509' registered
[   10.455296] Block layer SCSI generic (bsg) driver version 0.4 loaded (major 249)
[   10.457394] io scheduler noop registered
[   10.458468] io scheduler deadline registered (default)
[   10.459880] io scheduler cfq registered
[   10.461115] pci_hotplug: PCI Hot Plug PCI Core version: 0.5
[   10.462622] pciehp: PCI Express Hot Plug Controller Driver version: 0.4
[   10.464629] ACPI: AC Adapter [AC] (on-line)
[   10.465814] input: Power Button as /devices/LNXSYSTM:00/LNXPWRBN:00/input/input0
[   10.467838] ACPI: Power Button [PWRF]
[   10.469001] input: Sleep Button as /devices/LNXSYSTM:00/LNXSLPBN:00/input/input1
[   10.470942] ACPI: Sleep Button [SLPF]
[   10.472230] GHES: HEST is not enabled!
[   10.473643] ACPI: Battery Slot [BAT0] (battery present)
[   10.477382] Serial: 8250/16550 driver, 32 ports, IRQ sharing enabled
[   10.48015 tsc: Refined TSC clocksource calibration: 10021 Mz[   0.8017 cocsourc: sc: as: 0xffffffffffffffff max_cyle: x17102d95, axidle_ns: 440795246386 ns

[   11.205944] 00:02: ttyS0  I/O 0x3f8 (irq = 4, basebaud = 115200) is a 1655

[   11.345703] Linux agpgart interface v0.103
[   11.360414] loop: module loaded
[   11.379309] scsi host0: ata_piix
[   11.380709] scsi host1: ata_piix
[   11.392106] ata1: PATA max UDMA/33 cmd 0x1f0 ctl 0x3f6 bmdma 0xd000 irq 14
[   11.394533] ata2: PATA max UDMA/33 cmd 0x170 ctl 0x376 bmdma 0xd008 irq 15
[   11.396944] libphy: Fixed MDIO Bus: probed
[   11.415785] tun: Universal TUN/TAP device driver, 1.6
[   11.424706] tun: (C) 1999-2004 Max Krasnyansky <maxk@qualcomm.com>
[   11.435631] PPP generic driver version 2.4.2
[   11.455211] ehci_hcd: USB 2.0 'Enhanced' Host Controller (EHCI) Driver
[   11.467674] ehci-pci: EHCI PCI platform driver
[   11.472289] ehci-platform: EHCI generic platform driver
[   11.477134] ohci_hcd: USB 1.1 'Open' Host Controller (OHCI) Driver
[   11.481236] ohci-pci: OHCI PCI platform driver
[   11.496486] ohci-platform: OHCI generic platform driver
[   11.519030] uhci_hcd: USB Universal Host Controller Interface driver
[   11.530813] i8042: PNP: PS/2 Controller [PNP0303:PS2K,PNP0f03:PS2M] at 0x60,0x64 irq 1,12
[   11.541909] serio: i8042 KBD port at 0x60,0x64 irq 1
[   11.553662] serio: i8042 AUX port at 0x60,0x64 irq 12
[   11.568208] mousedev: PS/2 mouse device common for all mice
[   11.586844] rtc_cmos rtc_cmos: rtc core: registered rtc_cmos as rtc0
[   11.597877] input: AT Translated Set 2 keyboard as /devices/platform/i8042/serio0/input/input2
[   11.605757] rtc_cmos rtc_cmos: alarms up to one day, 114 bytes nvram
[   11.610699] i2c /dev entries driver
[   11.613016] device-mapper: uevent: version 1.0.3
[   11.616015] device-mapper: ioctl: 4.34.0-ioctl (2015-10-28) initialised: dm-devel@redhat.com
[   11.633357] ledtrig-cpu: registered to indicate activity on CPUs
[   11.646225] NET: Registered protocol family 10
[   11.650801] NET: Registered protocol family 17
[   11.661622] Key type dns_resolver registered
[   11.678745] registered taskstats version 1
[   11.68960] oading compiled-in X.509 certificates
[  11.750395] Loaded X.509 crt'Build time autogenerated kerelke: 0ac9b5ca7641011eace69d32209215a9b56f'

[   12.015018] zswap: loaded using pool lzo/zbud
[   12.018689] Key type trusted registered
[   12.024290] Key type encrypted registered
[   12.026015] AppArmor: AppArmor sha1 policy hashing enabled
[   12.046961] ima: No TPM chip found, activating TPM-bypass!
[   12.054965] ima: Allocated hash algorithm: sha1
[   12.070296] evm: HMAC attrs: 0x1
[   12.075853]   Magic number: 6:2:490
[   12.081919] rtc_cmos rtc_cmos: setting system clock to 2018-10-18 16:28:43 UTC (1539880123)
[   12.093775] BIOS EDD facility v0.16 2004-Jun-25, 0 devices found
[   12.100990] EDD information not available
 [   12.151533] Freeing unused kernel memory: 1528K
[   12.379920] Write protecting the kernel read-only data: 14336k
[   12.398564] Freeing unused kernel memory: 1672K
[   12.400396] Freeing unused kernel memory: 92K
Loading, please wait...
starting version 229
[   12.498700] random: systemd-udevd: uninitialized urandom read (16 bytes read, 5 bits of entropy available)
[   12.499037] random: udevadm: uninitialized urandom read (16 bytes read, 5 bits of entropy available)
[   12.499056] random: udevadm: uninitialized urandom read (16 bytes read, 5 bits of entropy available)
[   12.508024] random: udevadm: uninitialized urandom read (16 bytes read, 5 bits of entropy available)
[   12.508073] random: udevadm: uninitialized urandom read (16 bytes read, 5 bits of entropy available)
[   12.508268] random: udevadm: uninitialized urandom read (16 bytes read, 5 bits of entropy available)
[   12.508326] random: udevadm: uninitialized urandom read (16 bytes read, 5 bits of entropy available)
[   12.508377] random: udevadm: uninitialized urandom read (16 bytes read, 5 bits of entropy available)
[   12.508428] random: udevadm: uninitialized urandom read (16 bytes read, 5 bits of entropy available)
[   12.508479] random: udevadm: uninitialized urandom read (16 bytes read, 5 bits of entropy available)
[   12.669943] e1000: Intel(R) PRO/1000 Network Driver - version 7.3.21-k8-NAPI
[   12.683453] e1000: Copyright (c) 1999-2006 Intel Corporation.
[   12.698210] Fusion MPT base driver 3.04.20
[   12.699595] Copyright (c) 1999-2008 LSI Corporation
[   12.723960] AVX2 version of gcm_enc/dec engaged.
[   12.725489] AES CTR mode by8 optimization enabled
[   12.731207] Fusion MPT SPI Host driver 3.04.20
[   12.750556] mptbase: ioc0: Initiating bringup
[   12.818307] ioc0: LSI53C1030 A0: Capabilities={Initiator}
[   13.042000] input: ImExPS/2 Generic Explorer Mouse as /devices/platform/i8042/serio1/input/input4
[   13.549779] scsi host2: ioc0: LSI53C1030 A0, FwRev=00000000h, Ports=1, MaxQ=256, IRQ=20
[   15.010409] scsi 2:0:0:0: Direct-Access     VBOX     HARDDISK         1.0  PQ: 0 ANSI: 5
[   15.028883] scsi target2:0:0: Beginning Domain Validation
[   15.039872] scsi target2:0:0: Domain Validation skipping write tests
[   15.048702] scsi target2:0:0: Ending Domain Validation
[   15.050597] scsi target2:0:0: asynchronous
[   15.056151] scsi 2:0:1:0: Direct-Access     VBOX     HARDDISK         1.0  PQ: 0 ANSI: 5
[   15.074187] scsi target2:0:1: Beginning Domain Validation
[   15.081040] scsi target2:0:1: Domain Validation skipping write tests
[   15.082817] scsi target2:0:1: Ending Domain Validation
[   15.085268] scsi target2:0:1: asynchronous
[   15.097346] sd 2:0:0:0: Attached scsi generic sg0 type 0
[   15.099661] sd 2:0:1:0: Attached scsi generic sg1 type 0
[   15.101940] sd 2:0:1:0: [sdb] 20480 512-byte logical blocks: (10.5 MB/10.0 MiB)
[   15.106742] sd 2:0:0:0: [sda] 20971520 512-byte logical blocks: (10.7 GB/10.0 GiB)
[   15.112693] sd 2:0:0:0: [sda] Write Protect is off
[   15.115506] sd 2:0:1:0: [sdb] Write Protect is off
[   15.118779] sd 2:0:0:0: [sda] Incomplete mode parameter data
[   15.118781] sd 2:0:0:0: [sda] Assuming drive cache: write through
[   15.127202] sd 2:0:1:0: [sdb] Incomplete mode parameter data
[   15.128831] sd 2:0:1:0: [sdb] Assuming drive cache: write through
[   15.132223]  sda: sda1
[   15.142858] sd 2:0:0:0: [sda] Attached SCSI disk
[   15.150612] sd 2:0:1:0: [sdb] Attached SCSI disk
[   15.452701] e1000 0000:00:03.0 eth0: (PCI:33MHz:32-bit) 02:28:89:27:00:51
[   15.477686] e1000 0000:00:03.0 eth0: Intel(R) PRO/1000 Network Connection
[   15.902909] e1000 0000:00:08.0 eth1: (PCI:33MHz:32-bit) 08:00:27:39:30:db
[   15.908628] e1000 0000:00:08.0 eth1: Intel(R) PRO/1000 Network Connection
[   15.926822] e1000 0000:00:08.0 enp0s8: renamed from eth1
[   15.948820] e1000 0000:00:03.0 enp0s3: renamed from eth0
Begin: Loading essential drivers ... [   17.388428] md: linear personality registered for level -1
[   17.406826] md: multipath personality registered for level -4
[   17.412332] md: raid0 personality registered for level 0
[   17.436469] md: raid1 personality registered for level 1
[   17.512435] raid6: sse2x1   gen()  7380 MB/s
[   17.580226] raid6: sse2x1   xor()  5288 MB/s
[   17.648356] raid6: sse2x2   gen()  8520 MB/s
[   17.716224] raid6: sse2x2   xor()  5519 MB/s
[   17.788385] raid6: sse2x4   gen() 10123 MB/s
[   17.860378] raid6: sse2x4   xor()  7508 MB/s
[   17.928449] raid6: avx2x1   gen() 14537 MB/s
[   18.000191] raid6: avx2x2   gen() 17201 MB/s
[   18.076283] raid6: avx2x4   gen() 18422 MB/s
[   18.098603] raid6: using algorithm avx2x4 gen() 18422 MB/s
[   18.114083] raid6: using avx2x2 recovery algorithm
[   18.119497] xor: automatically using best checksumming function:
[   18.160359]    avx       : 20906.000 MB/sec
[   18.180918] async_tx: api initialized (async)
[   18.190884] md: raid6 personality registered for level 6
[   18.192713] md: raid5 personality registered for level 5
[   18.194228] md: raid4 personality registered for level 4
[   18.203621] md: raid10 personality registered for level 10
done.
Begin: Running /scripts/init-premount ... done.
Begin: Mounting root file system ... Begin: Running /scripts/local-top ... done.
Begin: Running /scripts/local-premount ... [   18.245013] Btrfs loaded
Scanning for Btrfs filesystems
done.
Warning: fsck no[   18.335242] EXT4-fs (sda1): mounted filesystem with ordered data mode. Opts: (null)
t present, so skipping root file system
done.
Begin: Running /scripts/local-bottom ... done.
Begin: Running /scripts/init-bottom ... done.
[   18.492347] sytemd[1] sysem 29 unin i sstm od. (+PAM +ADI +ELNUX +IMA +APPARMOR +SMACK +SYSVINIT +UTMP +LCRPTSETUP +GCRYPT +GNUTLS +ACL +XZ -LZ4 +SECCOMP +BLKID +ELFUTILS +KMOD -IDN)
[   19.051601] systemd[1]: Detected virtualization oracle.
[   19.054376] systemd[1]: Detected architecture x86-64.

Welcome to [1mUbuntu 16.04.5 LTS[0m!

[   19.075218] systemd[1]: Set hostname to <ubuntu>.
[   19.082401] systemd[1]: Initializing machine ID from random generator.
[   19.103212] systemd[1]: Installed transient /etc/machine-id file.
[   19.328388] systemd[1]: Set up automount Arbitrary Executable File Formats File System Automount Point.
[[0;32m  OK  [0m] Set up automount Arbitrary Executab...ats File System Automount Point.
[   19.381044] systemd[1]: Reached target Encrypted Volumes.
[[0;32m  OK  [0m] Reached target Encrypted Volumes.
[   19.398145] systemd[1]: Listening on Journal Socket (/dev/log).
[[0;32m  OK  [0m] Listening on Journal Socket (/dev/log).
[   19.402480] systemd[1]: Reached target User and Group Name Lookups.
[[0;32m  OK  [0m] Reached target User and Group Name Lookups.
[   19.417424] systemd[1]: Listening on LVM2 poll daemon socket.
[[0;32m  OK  [0m] Listening on LVM2 poll daemon socket.
[   19.437226] systemd[1]: Listening on /dev/initctl Compatibility Named Pipe.
[[0;32m  OK  [0m] Listening on /dev/initctl Compatibility Named Pipe.
[   19.472742] systemd[1]: Listening on udev Kernel Socket.
[[0;32m  OK  [0m] Listening on udev Kernel Socket.
[   19.500787] systemd[1]: Listenin on Journal Audit Socket.

[[0;32m  OK  [0m] Listening on Journal Audit Socket.
[  1.5858] sted[]: Listening on udev Control Socket.

[[0;32m  OK  [0m] Listening on udev Control Socket.
[   19.797157] systemd[1]: Started Forwar Pssrd Requests to Wall Directory Watch.

[[0;32m  OK  [0m] Started Forward Password Requests to Wall Directory Watch.
[   19.957423] systemd[1]: Reached target System Tim Sncronized.

[[0;32m  OK  [0m] Reached target System Time Synchronized.
[   20.050644] systemd[1]: Created slice User and Session Slice.
[[0;32m  OK  [0m] Created slice User and Session Slice.
[   20.370353] systemd[1]: Started Trigger resolvconf update orneworkd DNS.
[[0;32m  OK  [0m] Started Trigger resolvconf update for networkd DNS.
[  20.498322] systemd[1]: Lisening on Journ Soct.

[[0;32m  OK  [0m] Listening on Journal Socket.
[  20.7261]syted[1]: Listening on LV2 etadata daemon socket.
[[0;32m  OK  [0m] Listening on LVM2 metadata daemon socket.
[   20.981878] sstmd[1]: Created slice System Slice.

[[0;32m  OK  [0m] Created slice System Slice.
[   21.068425] systemd[1]: Starting Create list of required static device nodes for the current kernel...
[   21.072671] random: nonblocking pool is initialized
         Starting Create list of required st... nodes for the current kernel...
[   21.077962] systemd[1]: Starting Nameserver information manager...
         Starting Nameserver information manager...
[   21.116614] systemd[1]: Mounting POSIX Message Queue File System...
         Mounting POSIX Message Queue File System...
[   21.128237] systemd[1]: Mounting Huge Pages File System...
         Mounting Huge Pages File System...
[   21.184959] systemd[1]: Starting Set console keymap...
         Starting Set console keymap...
[   21.197536] systemd[1]: Reached target Slices.
[[0;32m  OK  [0m] Reached target Slices.
[   21.245039] systemd[1]: Starting Load Kernel Modules...
[   21.253460] Loading iSCSI transport class v2.0-870.
         Starting Load Kernel Mo[   21.263624] iscsi: registered transport (tcp)
dules...
[   21.283759] systemd[1]: Starting Uncomplicated firewall...
         Starting Uncomplicated firewall...
[   21.287956] systemd[1]: Reached target Swap.
[[0;32m  OK  [0m] Reached target Swap.
[   21.299865] systemd[1]: Listening on Device-mapper event daemon FIFOs.
[[0;32m  OK  [0m] Listening on Device-mapper event daemon FIFOs.
[   21.305831] systemd[1]: Starting Monitoring of LVM2 mirrors, snapshots etc. using dmeventd or progress polling...
         Starting Monitoring of LVM2 mirrors... dmeventd or progress polling...
[   21.316186] systemd[1]: Created slice system-serial\x2dgetty.slice.
[   21.328827] iscsi: registered transport (iser)
[[0;32m  OK  [0m] Created slice system-serial\x2dgetty.slice.
[   21.360355] systemd[1]: Mounting Debug File System...
         Mounting Debug File System...
[   21.364979] systemd[1]: Listening on Syslog Socket.
[[0;32m  OK  [0m] Listening on Syslog Socket.
[   21.382288] systemd[1]: Starting Journal Service...
         Starting Journal Service...
[   21.414171] systemd[1]: Starting Remount Root and Kernel File Systems...
[   21.419108] EXT4-fs (sda1): re-mounted. Opts: (null)
         Starting Remount Root and Kernel File Systems...
[   21.423171] systemd[1]: Mounted Debug File System.
[[0;32m  OK  [0m] Mounted Debug File System.
[   21.445677] systemd[1]: Mounted POSIX Message Queue File System.
[[0;32m  OK  [0m] Mounted POSIX Message Queue File System.
[   21.460938] systemd[1]: Mounted Huge Pages File System.
[[0;32m  OK  [0m] Mounted Huge Pages File System.
[   21.504848] systemd[1]: Started Journal Service.
[[0;32m  OK  [0m] Started Journal Service.
[[0;32m  OK  [0m] Started Create list of required sta...ce nodes for the current kernel.
[[0;32m  OK  [0m] Started Set console keymap.
[[0;32m  OK  [0m] Started Load Kernel Modules.
[[0;32m  OK  [0m] Started Uncomplicated firewall.
[[0;32m  OK  [0m] Started Remount Root and Kernel File Systems.
[[0;32m  OK  [0m] Started Nameserver information manager.
[[0;32m  OK  [0m] Started LVM2 metadata daemon.
         Starting Load/Save Random Seed...
         Starting udev Coldplug all Devices...
         Mounting FUSE Control File System...
         Starting Apply Kernel Variables...
         Starting Create Static Device Nodes in /dev...
         Starting Flush Journal to Persistent Storage...
[[0;32m  OK  [0m] Mounted FUSE Control File System.
[[0;32m  OK  [0m] Started Load/Save Random Seed.
[[0;32m  OK  [0m] Started Apply Kernel Variables.
[[0;32m  OK  [0m] Started Create Static Device Nodes in /dev.
[[0;32m  OK  [0m] Started udev Coldplug all Devices.
[[0;32m  OK  [0m] Started Flush Journal to Persistent Storage.
         Starting udev Kernel Device Manager...
[[0;32m  OK  [0m] Started udev Kernel Device Manager.
[[0;32m  OK  [0m] Started Dispatch Password Requests to Console Directory Watch.
[[0;32m  OK  [0m] Started Monitoring of LVM2 mirrors,...ng dmeventd or progress polling.
[[0;32m  OK  [0m] Reached target Local File Systems (Pre).
[[0;32m  OK  [0m] Reached target Local File Systems.
         Starting Create Volatile Files and Directories...
         Starting Commit a transient machine-id on disk...
         Starting LSB: AppArmor initialization...
         Starting Initial cloud-init job (pre-networking)...
         Starting Set console font and keymap...
         Starting Tell Plymouth To Write Out Runtime Data...
[[0;32m  OK  [0m] Started Create Volatile Files and Directories.
[[0;32m  OK  [0m] Started Tell Plymouth To Write Out Runtime Data.
[[0;32m  OK  [0m] Started Commit a transient machine-id on disk.
[[0;32m  OK  [0m] Found device /dev/ttyS0.
         Starting Update UTMP about System Boot/Shutdown...
[[0;32m  OK  [0m] Started Update UTMP about System Boot/Shutdown.
[[0;32m  OK  [0m] Listening on Load/Save RF Kill Switch Status /dev/rfkill Watch.
[[0;32m  OK  [0m] Started LSB: AppArmor initialization.
[   17.694505] cloud-init[485]: Cloud-init v. 18.3-9-g2e62cb8a-0ubuntu1~16.04.2 running 'init-local' at Thu, 18 Oct 2018 16:28:54 +0000. Up 17.21 seconds.
[[0;32m  OK  [0m] Started Initial cloud-init job (pre-networking).
[[0;32m  OK  [0m] Reached target Network (Pre).
         Starting Raise network interfaces...
[[0;32m  OK  [0m] Started Set console font and keymap.
[[0;32m  OK  [0m] Created slice system-getty.slice.
[[0;32m  OK  [0m] Started Raise network interfaces.
[[0;32m  OK  [0m] Reached target Network.
         Starting Initial cloud-init job (metadata service crawler)...
[   19.439685] cloud-init[937]: Cloud-init v. 18.3-9-g2e62cb8a-0ubuntu1~16.04.2 running 'init' at Thu, 18 Oct 2018 16:28:56 +0000. Up 18.63 seconds.
[   19.463083] cloud-init[937]: ci-info: +++++++++++++++++++++++++++++++++++++Net device info++++++++++++++++++++++++++++++++++++++
[   19.497178] cloud-init[937]: ci-info: +--------+-------+--------------------------+---------------+--------+-------------------+
[   19.550041] [[0;32m  OK  [0m] Started Initial cloud-init job (metadata service crawler).
cloud-init[937]: ci-info: | Device |   Up  |         Address          |      Mask     | Scope  |     Hw-Address    |
[   19.620837] [[0;32m  OK  [0m] Reached target Network is Online.
cloud-init[937]: ci-info: +--------+-------+--------------------------+---------------+--------+-------------------+
[   19.641927]          Starting iSCSI initiator daemon (iscsid)...
[[0;32m  OK  [0m] Reached target System Initialization.
cloud-init[937]: ci-info: | enp0s3 |  True |        10.0.2.15         | 255.255.255.0 | global | 02:28:89:27:00:51 |
[   19.686095] [[0;32m  OK  [0m] Started ACPI Events Check.
cloud-init[937]: ci-info: | enp0s3 |  True | fe80::28:89ff:fe27:51/64 |       .       |  link  | 02:28:89:27:00:51 |
[[0;32m  OK  [0m] Reached target Paths.
[[0;32m  OK  [0m] Started Daily Cleanup of Temporary Directories.
         Starting Socket activation for snappy daemon.
[[0;32m  OK  [0m] Listening on D-Bus System Message Bus Socket.
[   19.687856] cloud-init[937]: ci-info: | enp0s8 | False |            .             |       .       |   .    | 08:00:27:39:30:db |[
[0;32m  OK  [0m] Started Daily apt download activities.
[   19.895094] cloud-init[937]: ci-info: |   lo   |  True |        127.0.0.1         |   255.0.0.0   |  host  |         .         |
[[0;32m  OK  [0m] Started Daily apt upgrade and clean activities.
[[0;32m  OK  [0m] Reached target Timers.
[   19.896575] cloud-init[937]: ci-info: |   lo   |  True |         ::1/128          |       .       |  host  |         .         |
[   20.004188]          Starting LXD - unix socket.
[[0;32m  OK  [0m] Listening on ACPID Listen Socket.
[[0;32m  OK  [0m] Listening on UUID daemon activation socket.
[[0;32m  OK  [0m] Reached target Cloud-config availability.
cloud-init[937]: ci-info: +--------+-------+--------------------------+---------------+--------+-------------------+
[   20.030829] cloud-init[937]: ci-info: +++++++++++++++++++++++++++Route IPv4 info++++++++++++++++++++++++++++
[   20.039437] cloud-init[937]: ci-info: +-------+-------------+----------+---------------+-----------+-------+
[[0;32m  OK  [0m] Listening on Socket activation for snappy daemon.
[[0;32m  OK  [0m] Listening on LXD - unix socket.
[   20.059946] cloud-init[937]: ci-info: | Route | Destination | Gateway  |    Genmask    | Interface | Flags |
[[0;32m  OK  [0m] Started iSCSI initiator daemon (iscsid).
[   20.103842] cloud-init[937]: ci-info: +-------+-------------+----------+---------------+-----------+-------+
[   20.123663] cloud-init[937]: ci-info: |   0   |   0.0.0.0   | 10.0.2.2 |    0.0.0.0    |   enp0s3  |   UG  |
[   20.144350] cloud-init[937]: ci-info: |   1   |   10.0.2.0  | 0.0.0.0  | 255.255.255.0 |   enp0s3  |   U   |
         Starting Login to default iSCSI targets...
[[0;32m  OK  [0m] Reached target Sockets.
[[0;32m  OK  [0m] Reached target Basic System.
[   20.183426] cloud-init[937]: ci-info: +-------+-------------+----------+---------------+-----------+-------+
[   20.247621] cloud-init[937]: ci-info: +++++++++++++++++++Route IPv6 info+++++++++++++++++++
[   20.248384] cloud-init[937]: ci-info: +-------+-------------+---------+-----------+-------+
[   20.248568] cloud-init[937]: ci-info: | Route | Destination | Gateway | Interface | Flags |
[[0;32m  OK  [0m] Started Regular background program processing daemon.
[   20.248926] cloud-init[937]: ci-info: +-------+-------------+---------+-----------+-------+
[   20.408494] cloud-init[937]: ci-info: |   0   |  fe80::/64  |    ::   |   enp0s3  |   U   |
[   20.409635] cloud-init[937]: ci-info: |   3   |   ff00::/8  |    ::   |   enp0s3  |   U   |
[   20.409811] cloud-init[937]: ci-info: +-------+-------------+---------+-----------+-------+
         Starting Pollinate to seed the pseudo random number generator...
[[   20.410212] cloud-init[937]: Generating public/private rsa key pair.
[   20.465859] cloud-init[937]: Your identification has been saved in /etc/ssh/ssh_host_rsa_key.
[   20.466177] cloud-init[937]: Your public key has been saved in /etc/ssh/ssh_host_rsa_key.pub.
[   20.466788] cloud-init[937]: The key fingerprint is:
[   20.467058] cloud-init[937]: SHA256:mgyQyX2pIQLnHDzuwkhzypENDFHJk1EQZHLur0d8U0U root@ubuntu-xenial
[   20.467333] cloud-init[937]: The key's randomart image is:
[   20.467604] cloud-init[937]: +---[RSA 2048]----+
[   20.467866] cloud-init[937]: |B*@B.    .E      |
[   20.468380] cloud-init[937]: |.%B=   .  .      |
[   20.468639] cloud-init[937]: |..&oo o  .       |
[   20.468905] cloud-init[937]: | B.= +  .        |
[0;32m  OK  [0m] Started Unattended Upgrades Shutdown.
[   20.469822] cloud-init[937]: |=.*.o  .S        |
[   20.591733] cloud-init[937]: |o+..oooo         |
[   20.592398] cloud-init[937]: | . ...+.         |
[   20.592667] cloud-init[937]: |   ..            |
         Starting Accounts Service...
[   20.593416] cloud-init[937]: |  ..             |
[   20.654251] cloud-init[937]: +----[SHA256]-----+
[   20.654860]          cloud-initStarting Login Service...[937]: Generating public/private dsa key pair.

[   20.655916] cloud-init[937]: Your identification has been saved in /etc/ssh/ssh_host_dsa_key.
[   20.749065] cloud-init[937]: Your public key has been saved in /etc/ssh/ssh_host_dsa_key.pub.
[   20.749227] cloud-init[937]: The key fingerprint is:
[   20.749555] cloud-init[937]: SHA256:zPP8lLzh7wSxeabbOM/od7Jm205XO7qGTpKf2soYraM root@ubuntu-xenial
[   20.749881] cloud-init[937]: The key's randomart image is:
[   20.750254] cloud-init[937]: +---[DSA 1024]----+
         Starting Snappy daemon...
[   20.750908] cloud-init[937]: |                 |
[   20.895071] cloud-init[937]: |                 |
[   20.900642] cloud-init[937]: |            .    |
[   20.909865] cloud-init[937]: |       o     +   |
[   20.910292] cloud-init[937]: |        S   + o .|
         Starting LXD - container startup/shutdown...
[   20.910984] cloud-init[937]: |        .+.. *  o|
[   21.000700] cloud-init[937]: |       . +o.B .oo|
[   21.014278] cloud-init[937]: |       .= ==o@*o+|
[   21.014632] cloud-init[937]:          Starting /etc/rc.local Compatibility...|     E.o.++*X@X*o|
[   21.017843] cloud-init[937]: +----[SHA256]-----+
[   21.018263] 
cloud-init[937]: Generating public/private ecdsa key pair.
[   21.027393] cloud-init[937]: Your identification has been saved in /etc/ssh/ssh_host_ecdsa_key.
[   21.027854] cloud-init[937]: Your public key has been saved in /etc/ssh/ssh_host_ecdsa_key.pub.
[   21.028519]          cloud-initStarting LSB: MD monitoring daemon...[937]: 
The key fingerprint is:
[   21.028578] cloud-init[937]: SHA256:al7SLRhGLFfwyu+ETJcr3gT+WUTv5ILPgAIH3kNNDus root@ubuntu-xenial
[   21.168645] cloud-init[937]: The key's randomart image is:
[   21.169261] cloud-init[937]: +---[ECDSA 256]---+
[[0;32m  OK  [0m] Started FUSE filesystem for LXC.
[   21.169815] cloud-init[937]: |    . o..        |
[   21.306124] cloud-init[937]: |     B o         |
[   21.319292] cloud-init[937]: |  . + * . .      |
         Starting System Logging Service...
[   21.337324] cloud-init[937]: | . = = . o .     |
[[0;32m  OK  [0m] Started ACPI event daemon.
[   21.383042] cloud-init[937]: |  o E B S . o    |
[[0;32m  OK  [0m] Started D-Bus System Message Bus.
[   21.426601] cloud-init[937]: |   o * @ = +     |
[   21.454537] cloud-init[937]: |    . @ @ + o    |
[   21.459382] cloud-init[937]: |     = X B .     |
[   21.472495] cloud-init[937]: |      o = o      |
[[0;32m  OK  [0m] Started Deferred execution scheduler.
[   21.485222] cloud-init[937]: +----[SHA256]-----+
         Starting LSB: Record successful boot for GRUB...
[   21.503275] cloud-init[937]: Generating public/private ed25519 key pair.
[   21.632739]          Starting Virtualbox guest utils...
cloud-init[937]: Your identification has been saved in /etc/ssh/ssh_host_ed25519_key.
[   21.652571] cloud-init[937]: Your public key has been saved in /etc/ssh/ssh_host_ed25519_key.pub.
[   21.653439] cloud-init[937]: The key fingerprint is:
[   21.654255] cloud-init[937]: SHA256:WXjExAn9Pzn9bqyXNhLm6sCqnkRnS/fPvLbJ0AzygkM root@ubuntu-xenial
[[0;32m  OK  [0m] Started Snappy daemon.
[   21.656171] cloud-init[937]: The key's randomart image is:
[   21.705913] cloud-init[937]: +--[ED25519 256]--+
[   21.706561] cloud-init[937]: |        .*o.     |
[[0;32m  OK  [0m] Started System Logging Service.
[   21.707501] cloud-init[937]: |         o=      |
[   21.736648] cloud-init[937]: |        . o.     |
[   21.738882] cloud-init[937]: |         +  .    |
[   21.739640] cloud-init[937]: |     . ESo . . o |
[   21.739731] cloud-init[937]: |    . = = + +o= .|
[[0;32m  OK  [0m] Started Pollinate to seed the pseudo random number generator.
[   21.739812] cloud-init[937]: |     . + + +oo.+o|
[[   21.822122] cloud-init[937]: |    . . o o *+.+=|
[   21.823915] cloud-init[937]: |    .+..  .ooO*=o|
[   21.824547] cloud-init[937]: +----[SHA256]-----+
[0;32m  OK  [0m] Started LXD - container startup/shutdown.
[[0;32m  OK  [0m] Started /etc/rc.local Compatibility.
[[0;32m  OK  [0m] Started Login to default iSCSI targets.
[[0;32m  OK  [0m] Started LSB: MD monitoring daemon.
[[0;32m  OK  [0m] Started LSB: Record successful boot for GRUB.
[[0;32m  OK  [0m] Started Login Service.
         Starting Authenticate and Authorize Users to Run Privileged Tasks...
[[0;32m  OK  [0m] Reached target Remote File Systems (Pre).
[[0;32m  OK  [0m] Reached target Remote File Systems.
         Starting Permit User Sessions...
         Starting LSB: daemon to balance interrupts for SMP systems...
         Starting LSB: Set the CPU Frequency Scaling governor to "ondemand"...
         Starting LSB: automatic crash report generation...
         Starting OpenBSD Secure Shell server...
         Starting Wait until snapd is fully seeded...
[[0;32m  OK  [0m] Started Virtualbox guest utils.
[[0;32m  OK  [0m] Started Permit User Sessions.
[[0;32m  OK  [0m] Started OpenBSD Secure Shell server.
[[0;32m  OK  [0m] Started Authenticate and Authorize Users to Run Privileged Tasks.
[[0;32m  OK  [0m] Started Accounts Service.
[[0;32m  OK  [0m] Started LSB: daemon to balance interrupts for SMP systems.
[[0;32m  OK  [0m] Started LSB: Set the CPU Frequency Scaling governor to "ondemand".
[[0;32m  OK  [0m] Started LSB: automatic crash report generation.
[[0;32m  OK  [0m] Created slice User Slice of vagrant.
         Starting User Manager for UID 1000...
[[0;32m  OK  [0m] Started Session 1 of user vagrant.
         Starting Terminate Plymouth Boot Screen...
         Starting Hold until boot process finishes up...
[[0;32m  OK  [0m] Started User Manager for UID 1000.
[[0;32m  OK  [0m] Started Hold until boot process finishes up.
[[0;32m  OK  [0m] Started Terminate Plymouth Boot Screen.
[[0;32m  OK  [0m] Started Serial Getty on ttyS0.
         Starting Set console scheme...
[[0;32m  OK  [0m] Started Getty on tty1.
[[0;32m  OK  [0m] Reached target Login Prompts.
[[0;32m  OK  [0m] Started Set console scheme.
[[0;32m  OK  [0m] Started Wait until snapd is fully seeded.
[[0;32m  OK  [0m] Reached target Multi-User System.
[[0;32m  OK  [0m] Reached target Graphical Interface.
         Starting Update UTMP about System Runlevel Changes...
         Starting Apply the settings specified in cloud-config...
[[0;32m  OK  [0m] Started Update UTMP about System Runlevel Changes.
[   24.597966] cloud-init[1362]: Generating locales (this might take a while)...
         Stopping User Manager for UID 1000...
[[0;32m  OK  [0m] Stopped User Manager for UID 1000.
[[0;32m  OK  [0m] Removed slice User Slice of vagrant.
[[0;32m  OK  [0m] Created slice User Slice of vagrant.
         Starting User Manager for UID 1000...
[[0;32m  OK  [0m] Started Session 2 of user vagrant.
[[0;32m  OK  [0m] Started User Manager for UID 1000.
[   25.927127] cloud-init[1362]:   en_US.UTF-8... done
[   25.944895] cloud-init[1362]: Generation complete.
[   26.439869] cloud-init[1362]: Cloud-init v. 18.3-9-g2e62cb8a-0ubuntu1~16.04.2 running 'modules:config' at Thu, 18 Oct 2018 16:29:02 +0000. Up 24.40 seconds.
[[0;32m  OK  [0m] Started Apply the settings specified in cloud-config.
         Starting Execute cloud user/final scripts...
ci-info: no authorized ssh keys fingerprints found for user ubuntu.
<14>Oct 18 16:29:05 ec2: 
<14>Oct 18 16:29:05 ec2: #############################################################
<14>Oct 18 16:29:05 ec2: -----BEGIN SSH HOST KEY FINGERPRINTS-----
<14>Oct 18 16:29:05 ec2: 1024 SHA256:zPP8lLzh7wSxeabbOM/od7Jm205XO7qGTpKf2soYraM root@ubuntu-xenial (DSA)
<14>Oct 18 16:29:05 ec2: 256 SHA256:al7SLRhGLFfwyu+ETJcr3gT+WUTv5ILPgAIH3kNNDus root@ubuntu-xenial (ECDSA)
<14>Oct 18 16:29:05 ec2: 256 SHA256:WXjExAn9Pzn9bqyXNhLm6sCqnkRnS/fPvLbJ0AzygkM root@ubuntu-xenial (ED25519)
<14>Oct 18 16:29:05 ec2: 2048 SHA256:mgyQyX2pIQLnHDzuwkhzypENDFHJk1EQZHLur0d8U0U root@ubuntu-xenial (RSA)
<14>Oct 18 16:29:05 ec2: -----END SSH HOST KEY FINGERPRINTS-----
<14>Oct 18 16:29:05 ec2: #############################################################
-----BEGIN SSH HOST KEY KEYS-----
ecdsa-sha2-nistp256 AAAAE2VjZHNhLXNoYTItbmlzdHAyNTYAAAAIbmlzdHAyNTYAAABBBMnpY4Vq1ilIEIABVKmiGZoQ+xJa60Dw2YFpPpwokvI+MTRcgDBJaX9QVMTPy+UjH2f6SiDHGtDhHMLiab7IUzc= root@ubuntu-xenial
ssh-ed25519 AAAAC3NzaC1lZDI1NTE5AAAAIHYjOWzoyedTpX13+yBqSbmMDDoZVDiCLqfmq0L6PN8L root@ubuntu-xenial
ssh-rsa AAAAB3NzaC1yc2EAAAADAQABAAABAQDA902GYYi0YXzBn8TtvO1F3uDub144uaqPJ9tgYrDb3bqE9uu7iUMCthMSBvTVDfcx3+F+bke9RTy4BrlRnfs/u/Cjij+8WlZrqZG8AilAUoPN4hcAp1nKvgz4x76JVIdnh0efxpHKaAiQQzMLlEn/xt00h7APMi+jAy9GEexvCOpjuyOe82nECfyCFcet23apLqmfFKkL/1bkirO81P56LUDh1HzzVQXO4KUQx1YV2ju+2aIW7jkt/Q8a4kNE6pDk5mYVXOFsunIxP7YLFyiv/ymO8kWK9UFuPOSdKMevNw5uEhlbFCUhAY2o1r/GxLnjovgAv1L9sNLpgdQNUyFN root@ubuntu-xenial
-----END SSH HOST KEY KEYS-----
[   27.703466] cloud-init[1565]: Cloud-init v. 18.3-9-g2e62cb8a-0ubuntu1~16.04.2 running 'modules:final' at Thu, 18 Oct 2018 16:29:04 +0000. Up 27.04 seconds.
[   27.709185] cloud-init[1565]: ci-info: no authorized ssh keys fingerprints found for user ubuntu.
[   27.716270] cloud-init[1565]: Cloud-init v. 18.3-9-g2e62cb8a-0ubuntu1~16.04.2 finished at Thu, 18 Oct 2018 16:29:05 +0000. Datasource DataSourceNoCloud [seed=/dev/sdb][dsmode=net].  Up 27.66 seconds

Ubuntu 16.04.5 LTS ubuntu-xenial ttyS0

ubuntu-xenial login:                                                                                                                                                                                                                                                                                     [  863.884900] e1000 0000:00:03.0 enp0s3: Detected Tx Unit Hang
[  863.884900]   Tx Queue             <0>
[  863.884900]   TDH                  <c5>
[  863.884900]   TDT                  <c7>
[  863.884900]   next_to_use          <c7>
[  863.884900]   next_to_clean        <c5>
[  863.884900] buffer_info[next_to_clean]
[  863.884900]   time_stamp           <10002200c>
[  863.884900]   next_to_watch        <c6>
[  863.884900]   jiffies              <100022245>
[  863.884900]   next_to_watch.status <0>
[  865.890061] e1000 0000:00:03.0 enp0s3: Detected Tx Unit Hang
[  865.890061]   Tx Queue             <0>
[  865.890061]   TDH                  <c5>
[  865.890061]   TDT                  <c7>
[  865.890061]   next_to_use          <c7>
[  865.890061]   next_to_clean        <c5>
[  865.890061] buffer_info[next_to_clean]
[  865.890061]   time_stamp           <10002200c>
[  865.890061]   next_to_watch        <c6>
[  865.890061]   jiffies              <10002243a>
[  865.890061]   next_to_watch.status <0>
[  867.344860] e1000 0000:00:03.0 enp0s3: Reset adapter
